[4mRunning "clean:0" (clean) task[24m
Cleaning build...[32mOK[39m

[4mRunning "clean:1" (clean) task[24m

[4mRunning "html2js:app" (html2js) task[24m
Successfully converted [32m8[39m html templates to js.

[4mRunning "html2js:common" (html2js) task[24m
Successfully converted [32m92[39m html templates to js.

[4mRunning "jshint:src" (jshint) task[24m
[32m>> [39m127 files lint free.

[4mRunning "jshint:test" (jshint) task[24m
[32m>> [39m3 files lint free.

[4mRunning "coffeelint:src" (coffeelint) task[24m
[32m>> [39m0 files lint free.

[4mRunning "coffeelint:test" (coffeelint) task[24m
[32m>> [39m0 files lint free.

[4mRunning "coffee:source" (coffee) task[24m

[4mRunning "recess:build" (recess) task[24m
File "build/assets/researchWizard-0.0.1.css" created.

[4mRunning "concat:build_css" (concat) task[24m
File "build/assets/researchWizard-0.0.1.css" created.

[4mRunning "copy:build_app_assets" (copy) task[24m
Created [36m2[39m directories, copied [36m7[39m files

[4mRunning "copy:build_vendor_assets" (copy) task[24m


[4mRunning "copy:build_appjs" (copy) task[24m
Copied [36m127[39m files

[4mRunning "copy:build_vendorjs" (copy) task[24m
Copied [36m12[39m files

[4mRunning "index:build" (index) task[24m

[4mRunning "karmaconfig:unit" (karmaconfig) task[24m

[4mRunning "karma:continuous" (karma) task[24m
[32mINFO [karma]: [39mKarma v0.12.31 server started at http://localhost:9018/
[32mINFO [launcher]: [39mStarting browser PhantomJS
[33mWARN [watcher]: [39mPattern "C:/github/researchWizard/src/**/*.coffee" does not match any file.
[32mINFO [PhantomJS 1.9.8 (Windows 7)]: [39mConnected on socket LlMZE9pDyyF_ui-Kc1p4 with id 39380947
...
PhantomJS 1.9.8 (Windows 7): Executed 3 of 3[32m SUCCESS[39m (0.069 secs / 0.065 secs)

[4mRunning "karma:unit" (karma) task[24m

[4mRunning "express:devServer" (express) task[24m

[4mRunning "express-server:devServer" (express-server) task[24m
Web server started on port:9000, hostname: localhost [pid: 2888]

[4mRunning "delta" task[24m
Waiting...
Terminate batch job (Y/N)? 
